Connecting to database specified by database.yml
  [1m[36m (0.2ms)[0m  [1mselect sqlite_version(*)[0m
  [1m[35m (1.4ms)[0m  CREATE TABLE "schema_migrations" ("version" varchar(255) NOT NULL) 
  [1m[36m (0.1ms)[0m  [1mPRAGMA index_list("schema_migrations")[0m
  [1m[35m (1.2ms)[0m  CREATE UNIQUE INDEX "unique_schema_migrations" ON "schema_migrations" ("version")
  [1m[36m (0.1ms)[0m  [1mSELECT "schema_migrations"."version" FROM "schema_migrations" [0m
Migrating to CreateAdminNotes (20120826112018)
  [1m[35m (0.1ms)[0m  begin transaction
  [1m[36m (0.7ms)[0m  [1mCREATE TABLE "admin_notes" ("id" INTEGER PRIMARY KEY AUTOINCREMENT NOT NULL, "resource_id" varchar(255) NOT NULL, "resource_type" varchar(255) NOT NULL, "admin_user_id" integer, "admin_user_type" varchar(255), "body" text, "created_at" datetime NOT NULL, "updated_at" datetime NOT NULL) [0m
  [1m[35m (0.1ms)[0m  PRAGMA index_list("admin_notes")
  [1m[36m (0.2ms)[0m  [1mCREATE INDEX "index_admin_notes_on_resource_type_and_resource_id" ON "admin_notes" ("resource_type", "resource_id")[0m
  [1m[35m (0.1ms)[0m  PRAGMA index_list("admin_notes")
  [1m[36m (0.1ms)[0m  [1mPRAGMA index_info('index_admin_notes_on_resource_type_and_resource_id')[0m
  [1m[35m (0.3ms)[0m  CREATE INDEX "index_admin_notes_on_admin_user_type_and_admin_user_id" ON "admin_notes" ("admin_user_type", "admin_user_id")
  [1m[36m (0.2ms)[0m  [1mINSERT INTO "schema_migrations" ("version") VALUES ('20120826112018')[0m
  [1m[35m (1.3ms)[0m  commit transaction
Migrating to MoveAdminNotesToComments (20120826112019)
  [1m[36m (0.1ms)[0m  [1mbegin transaction[0m
  [1m[35m (0.1ms)[0m  PRAGMA index_list("admin_notes")
  [1m[36m (0.1ms)[0m  [1mPRAGMA index_info('index_admin_notes_on_admin_user_type_and_admin_user_id')[0m
  [1m[35m (0.1ms)[0m  PRAGMA index_info('index_admin_notes_on_resource_type_and_resource_id')
  [1m[36m (0.9ms)[0m  [1mDROP INDEX "index_admin_notes_on_admin_user_type_and_admin_user_id"[0m
  [1m[35m (1.1ms)[0m  ALTER TABLE "admin_notes" RENAME TO "active_admin_comments"
  [1m[36m (0.9ms)[0m  [1mCREATE TEMPORARY TABLE "altered_active_admin_comments" ("id" INTEGER PRIMARY KEY AUTOINCREMENT NOT NULL, "resource_id" varchar(255) NOT NULL, "resource_type" varchar(255) NOT NULL, "admin_user_id" integer, "author_type" varchar(255), "body" text, "created_at" datetime NOT NULL, "updated_at" datetime NOT NULL) [0m
  [1m[35m (0.1ms)[0m  PRAGMA index_list("active_admin_comments")
  [1m[36m (0.1ms)[0m  [1mPRAGMA index_info('index_admin_notes_on_resource_type_and_resource_id')[0m
  [1m[35m (0.0ms)[0m  PRAGMA index_list("altered_active_admin_comments")
  [1m[36m (0.2ms)[0m  [1mCREATE INDEX "temp_index_admin_notes_on_resource_type_and_resource_id" ON "altered_active_admin_comments" ("resource_type", "resource_id")[0m
  [1m[35m (0.1ms)[0m  SELECT * FROM "active_admin_comments"
  [1m[36m (1.0ms)[0m  [1mDROP TABLE "active_admin_comments"[0m
  [1m[35m (0.3ms)[0m  CREATE TABLE "active_admin_comments" ("id" INTEGER PRIMARY KEY AUTOINCREMENT NOT NULL, "resource_id" varchar(255) NOT NULL, "resource_type" varchar(255) NOT NULL, "admin_user_id" integer, "author_type" varchar(255), "body" text, "created_at" datetime NOT NULL, "updated_at" datetime NOT NULL) 
  [1m[36m (0.1ms)[0m  [1mPRAGMA index_list("altered_active_admin_comments")[0m
  [1m[35m (0.1ms)[0m  PRAGMA index_info('temp_index_admin_notes_on_resource_type_and_resource_id')
  [1m[36m (0.0ms)[0m  [1mPRAGMA index_list("active_admin_comments")[0m
  [1m[35m (0.2ms)[0m  CREATE INDEX "index_admin_notes_on_resource_type_and_resource_id" ON "active_admin_comments" ("resource_type", "resource_id")
  [1m[36m (0.1ms)[0m  [1mSELECT * FROM "altered_active_admin_comments"[0m
  [1m[35m (0.6ms)[0m  DROP TABLE "altered_active_admin_comments"
  [1m[36m (0.3ms)[0m  [1mCREATE TEMPORARY TABLE "altered_active_admin_comments" ("id" INTEGER PRIMARY KEY AUTOINCREMENT NOT NULL, "resource_id" varchar(255) NOT NULL, "resource_type" varchar(255) NOT NULL, "author_id" integer, "author_type" varchar(255), "body" text, "created_at" datetime NOT NULL, "updated_at" datetime NOT NULL) [0m
  [1m[35m (0.1ms)[0m  PRAGMA index_list("active_admin_comments")
  [1m[36m (0.1ms)[0m  [1mPRAGMA index_info('index_admin_notes_on_resource_type_and_resource_id')[0m
  [1m[35m (0.0ms)[0m  PRAGMA index_list("altered_active_admin_comments")
  [1m[36m (0.2ms)[0m  [1mCREATE INDEX "temp_index_admin_notes_on_resource_type_and_resource_id" ON "altered_active_admin_comments" ("resource_type", "resource_id")[0m
  [1m[35m (0.1ms)[0m  SELECT * FROM "active_admin_comments"
  [1m[36m (0.3ms)[0m  [1mDROP TABLE "active_admin_comments"[0m
  [1m[35m (0.3ms)[0m  CREATE TABLE "active_admin_comments" ("id" INTEGER PRIMARY KEY AUTOINCREMENT NOT NULL, "resource_id" varchar(255) NOT NULL, "resource_type" varchar(255) NOT NULL, "author_id" integer, "author_type" varchar(255), "body" text, "created_at" datetime NOT NULL, "updated_at" datetime NOT NULL) 
  [1m[36m (0.1ms)[0m  [1mPRAGMA index_list("altered_active_admin_comments")[0m
  [1m[35m (0.1ms)[0m  PRAGMA index_info('temp_index_admin_notes_on_resource_type_and_resource_id')
  [1m[36m (0.1ms)[0m  [1mPRAGMA index_list("active_admin_comments")[0m
  [1m[35m (0.2ms)[0m  CREATE INDEX "index_admin_notes_on_resource_type_and_resource_id" ON "active_admin_comments" ("resource_type", "resource_id")
  [1m[36m (0.1ms)[0m  [1mSELECT * FROM "altered_active_admin_comments"[0m
  [1m[35m (0.2ms)[0m  DROP TABLE "altered_active_admin_comments"
  [1m[36m (1.3ms)[0m  [1mALTER TABLE "active_admin_comments" ADD "namespace" varchar(255)[0m
  [1m[35m (0.1ms)[0m  PRAGMA index_list("active_admin_comments")
  [1m[36m (0.1ms)[0m  [1mPRAGMA index_info('index_admin_notes_on_resource_type_and_resource_id')[0m
  [1m[35m (0.2ms)[0m  CREATE INDEX "index_active_admin_comments_on_namespace" ON "active_admin_comments" ("namespace")
  [1m[36m (0.1ms)[0m  [1mPRAGMA index_list("active_admin_comments")[0m
  [1m[35m (0.0ms)[0m  PRAGMA index_info('index_active_admin_comments_on_namespace')
  [1m[36m (0.1ms)[0m  [1mPRAGMA index_info('index_admin_notes_on_resource_type_and_resource_id')[0m
  [1m[35m (0.2ms)[0m  CREATE INDEX "index_active_admin_comments_on_author_type_and_author_id" ON "active_admin_comments" ("author_type", "author_id")
  [1m[36m (0.1ms)[0m  [1mUPDATE active_admin_comments SET namespace='admin'[0m
  [1m[35m (2.0ms)[0m  INSERT INTO "schema_migrations" ("version") VALUES ('20120826112019')
  [1m[36m (4.3ms)[0m  [1mcommit transaction[0m
Migrating to CreateOrders (20120826135813)
  [1m[35m (0.1ms)[0m  begin transaction
  [1m[36m (0.6ms)[0m  [1mCREATE TABLE "orders" ("id" INTEGER PRIMARY KEY AUTOINCREMENT NOT NULL, "image" varchar(255), "created_at" datetime NOT NULL, "updated_at" datetime NOT NULL) [0m
  [1m[35m (0.2ms)[0m  INSERT INTO "schema_migrations" ("version") VALUES ('20120826135813')
  [1m[36m (7.7ms)[0m  [1mcommit transaction[0m
Migrating to CreatePages (20120826150117)
  [1m[35m (0.1ms)[0m  begin transaction
  [1m[36m (0.7ms)[0m  [1mCREATE TABLE "pages" ("id" INTEGER PRIMARY KEY AUTOINCREMENT NOT NULL, "name" varchar(255), "content" text, "created_at" datetime NOT NULL, "updated_at" datetime NOT NULL) [0m
  [1m[35m (0.2ms)[0m  INSERT INTO "schema_migrations" ("version") VALUES ('20120826150117')
  [1m[36m (4.3ms)[0m  [1mcommit transaction[0m
Migrating to DeviseCreateAdminUsers (20120826182015)
  [1m[35m (0.1ms)[0m  begin transaction
  [1m[36m (0.8ms)[0m  [1mCREATE TABLE "admin_users" ("id" INTEGER PRIMARY KEY AUTOINCREMENT NOT NULL, "email" varchar(255) DEFAULT '' NOT NULL, "encrypted_password" varchar(255) DEFAULT '' NOT NULL, "reset_password_token" varchar(255), "reset_password_sent_at" datetime, "remember_created_at" datetime, "sign_in_count" integer DEFAULT 0, "current_sign_in_at" datetime, "last_sign_in_at" datetime, "current_sign_in_ip" varchar(255), "last_sign_in_ip" varchar(255), "created_at" datetime NOT NULL, "updated_at" datetime NOT NULL) [0m
  [1m[35mAdminUser Exists (0.2ms)[0m  SELECT 1 AS one FROM "admin_users" WHERE "admin_users"."email" = 'admin@example.com' LIMIT 1
Binary data inserted for `string` type on column `encrypted_password`
  [1m[36mSQL (4.2ms)[0m  [1mINSERT INTO "admin_users" ("created_at", "current_sign_in_at", "current_sign_in_ip", "email", "encrypted_password", "last_sign_in_at", "last_sign_in_ip", "remember_created_at", "reset_password_sent_at", "reset_password_token", "sign_in_count", "updated_at") VALUES (?, ?, ?, ?, ?, ?, ?, ?, ?, ?, ?, ?)[0m  [["created_at", Tue, 09 Oct 2012 23:40:52 UTC +00:00], ["current_sign_in_at", nil], ["current_sign_in_ip", nil], ["email", "admin@example.com"], ["encrypted_password", "$2a$10$7QjMOgsx9ORGAMwbztpymenGX4FrolTUlyu5mf0O09KC/7mJTKQbe"], ["last_sign_in_at", nil], ["last_sign_in_ip", nil], ["remember_created_at", nil], ["reset_password_sent_at", nil], ["reset_password_token", nil], ["sign_in_count", 0], ["updated_at", Tue, 09 Oct 2012 23:40:52 UTC +00:00]]
  [1m[35m (0.1ms)[0m  PRAGMA index_list("admin_users")
  [1m[36m (0.7ms)[0m  [1mCREATE UNIQUE INDEX "index_admin_users_on_email" ON "admin_users" ("email")[0m
  [1m[35m (0.1ms)[0m  PRAGMA index_list("admin_users")
  [1m[36m (0.1ms)[0m  [1mPRAGMA index_info('index_admin_users_on_email')[0m
  [1m[35m (0.3ms)[0m  CREATE UNIQUE INDEX "index_admin_users_on_reset_password_token" ON "admin_users" ("reset_password_token")
  [1m[36m (0.2ms)[0m  [1mINSERT INTO "schema_migrations" ("version") VALUES ('20120826182015')[0m
  [1m[35m (1.5ms)[0m  commit transaction
Migrating to AddEditToolsToOrders (20120829173002)
  [1m[36m (0.1ms)[0m  [1mbegin transaction[0m
  [1m[35m (0.7ms)[0m  ALTER TABLE "orders" ADD "border" boolean
  [1m[36m (0.3ms)[0m  [1mALTER TABLE "orders" ADD "rolled_canvas" boolean[0m
  [1m[35m (0.3ms)[0m  ALTER TABLE "orders" ADD "fancy_edges" boolean
  [1m[36m (0.2ms)[0m  [1mINSERT INTO "schema_migrations" ("version") VALUES ('20120829173002')[0m
  [1m[35m (1.4ms)[0m  commit transaction
  [1m[36m (0.6ms)[0m  [1mselect sqlite_version(*)[0m
  [1m[35m (0.2ms)[0m  SELECT "schema_migrations"."version" FROM "schema_migrations" 
  [1m[36m (0.1ms)[0m  [1mPRAGMA index_list("active_admin_comments")[0m
  [1m[35m (0.1ms)[0m  PRAGMA index_info('index_active_admin_comments_on_author_type_and_author_id')
  [1m[36m (0.1ms)[0m  [1mPRAGMA index_info('index_active_admin_comments_on_namespace')[0m
  [1m[35m (0.1ms)[0m  PRAGMA index_info('index_admin_notes_on_resource_type_and_resource_id')
  [1m[36m (0.1ms)[0m  [1mPRAGMA index_list("admin_users")[0m
  [1m[35m (0.1ms)[0m  PRAGMA index_info('index_admin_users_on_reset_password_token')
  [1m[36m (0.1ms)[0m  [1mPRAGMA index_info('index_admin_users_on_email')[0m
  [1m[35m (0.1ms)[0m  PRAGMA index_list("orders")
  [1m[36m (0.0ms)[0m  [1mPRAGMA index_list("pages")[0m
Connecting to database specified by database.yml


Started GET "/" for 127.0.0.1 at 2012-10-10 20:15:24 -0700
Processing by OrdersController#new as HTML
  Rendered orders/_form.html.erb (66.4ms)
  Rendered orders/new.html.erb within layouts/application (77.3ms)
Compiled jquery.js  (6ms)  (pid 1768)
Compiled jquery-ui.js  (45ms)  (pid 1768)
Compiled active_admin/application.js  (0ms)  (pid 1768)
Compiled active_admin/base.js  (165ms)  (pid 1768)
Compiled active_admin.js  (189ms)  (pid 1768)
Compiled main.min.js  (0ms)  (pid 1768)
Compiled plugins.js  (0ms)  (pid 1768)
Compiled application.js  (482ms)  (pid 1768)
Completed 200 OK in 745ms (Views: 735.7ms | ActiveRecord: 0.4ms)


Started GET "/assets/application.css?body=1" for 127.0.0.1 at 2012-10-10 20:15:25 -0700
Served asset /application.css - 200 OK (6ms)


Started GET "/assets/jquery.js?body=1" for 127.0.0.1 at 2012-10-10 20:15:25 -0700
Served asset /jquery.js - 200 OK (10ms)


Started GET "/assets/active_admin/application.js?body=1" for 127.0.0.1 at 2012-10-10 20:15:26 -0700
Served asset /active_admin/application.js - 200 OK (13ms)


Started GET "/assets/active_admin.js?body=1" for 127.0.0.1 at 2012-10-10 20:15:26 -0700
Served asset /active_admin.js - 200 OK (54ms)


Started GET "/assets/plugins.js?body=1" for 127.0.0.1 at 2012-10-10 20:15:26 -0700
Served asset /plugins.js - 200 OK (16ms)


Started GET "/assets/application.js?body=1" for 127.0.0.1 at 2012-10-10 20:15:26 -0700
Served asset /application.js - 200 OK (43ms)
Connecting to database specified by database.yml


Started GET "/assets/jquery_ujs.js?body=1" for 127.0.0.1 at 2012-10-10 20:15:34 -0700
Served asset /jquery_ujs.js - 200 OK (8ms)


Started GET "/assets/active_admin/base.js?body=1" for 127.0.0.1 at 2012-10-10 20:15:34 -0700
Served asset /active_admin/base.js - 200 OK (79ms)


Started GET "/assets/jquery-ui.js?body=1" for 127.0.0.1 at 2012-10-10 20:15:34 -0700
Served asset /jquery-ui.js - 200 OK (6ms)


Started GET "/assets/main.min.js?body=1" for 127.0.0.1 at 2012-10-10 20:15:34 -0700
Served asset /main.min.js - 200 OK (3ms)
Connecting to database specified by database.yml


Started GET "/" for 127.0.0.1 at 2012-10-22 20:30:15 -0700
Processing by OrdersController#new as HTML
  Rendered orders/_form.html.erb (109.2ms)
  Rendered orders/new.html.erb within layouts/application (127.6ms)
Completed 200 OK in 249ms (Views: 228.0ms | ActiveRecord: 0.6ms)


Started GET "/assets/application.css?body=1" for 127.0.0.1 at 2012-10-22 20:30:15 -0700
Served asset /application.css - 200 OK (4ms)


Started GET "/assets/active_admin/application.js?body=1" for 127.0.0.1 at 2012-10-22 20:30:15 -0700
Served asset /active_admin/application.js - 200 OK (7ms)


Started GET "/assets/jquery_ujs.js?body=1" for 127.0.0.1 at 2012-10-22 20:30:15 -0700
Served asset /jquery_ujs.js - 200 OK (7ms)


Started GET "/assets/active_admin.js?body=1" for 127.0.0.1 at 2012-10-22 20:30:15 -0700
Served asset /active_admin.js - 200 OK (70ms)


Started GET "/assets/plugins.js?body=1" for 127.0.0.1 at 2012-10-22 20:30:15 -0700
Served asset /plugins.js - 200 OK (4ms)
Connecting to database specified by database.yml


Started GET "/assets/active_admin/base.js?body=1" for 127.0.0.1 at 2012-10-22 20:30:23 -0700
Served asset /active_admin/base.js - 200 OK (64ms)


Started GET "/assets/jquery-ui.js?body=1" for 127.0.0.1 at 2012-10-22 20:30:23 -0700
Served asset /jquery-ui.js - 200 OK (8ms)


Started GET "/assets/jquery.js?body=1" for 127.0.0.1 at 2012-10-22 20:30:23 -0700
Served asset /jquery.js - 200 OK (7ms)


Started GET "/assets/main.min.js?body=1" for 127.0.0.1 at 2012-10-22 20:30:23 -0700
Served asset /main.min.js - 200 OK (3ms)


Started GET "/assets/application.js?body=1" for 127.0.0.1 at 2012-10-22 20:30:23 -0700
Served asset /application.js - 200 OK (47ms)


Started GET "/assets/bg.jpg" for 127.0.0.1 at 2012-10-22 20:30:24 -0700


Started GET "/assets/sprite-features.png" for 127.0.0.1 at 2012-10-22 20:30:24 -0700
Served asset /sprite-features.png - 200 OK (17ms)
Served asset /bg.jpg - 200 OK (17ms)


Started GET "/assets/bg-main.png" for 127.0.0.1 at 2012-10-22 20:30:24 -0700
Served asset /bg-main.png - 200 OK (7ms)


Started GET "/assets/bg-footer.png" for 127.0.0.1 at 2012-10-22 20:30:24 -0700


Started GET "/assets/bg-bar.png" for 127.0.0.1 at 2012-10-22 20:30:24 -0700
Served asset /bg-bar.png - 200 OK (19ms)
Served asset /bg-footer.png - 200 OK (43ms)


Started GET "/assets/logo.png" for 127.0.0.1 at 2012-10-22 20:30:24 -0700
Served asset /logo.png - 200 OK (50ms)


Started POST "/orders" for 127.0.0.1 at 2012-10-22 20:30:54 -0700
Processing by OrdersController#create as HTML
  Parameters: {"utf8"=>"✓", "authenticity_token"=>"3unywcAPLm6Wfxg4pBX7e/Q8qLlUaopmute93sAevWU=", "order"=>{"image"=>#<ActionDispatch::Http::UploadedFile:0x007fcf9e257e00 @original_filename="large.png", @content_type="image/png", @headers="Content-Disposition: form-data; name=\"order[image]\"; filename=\"large.png\"\r\nContent-Type: image/png\r\n", @tempfile=#<File:/var/folders/rg/gn65_53s6t91qdvqcwq2l_3r0000gn/T/RackMultipart20121022-38798-7cs07f>>}, "commit"=>"Create Order"}
  [1m[36m (0.2ms)[0m  [1mbegin transaction[0m
  [1m[35mSQL (9.1ms)[0m  INSERT INTO "orders" ("border", "created_at", "fancy_edges", "image", "rolled_canvas", "updated_at") VALUES (?, ?, ?, ?, ?, ?)  [["border", nil], ["created_at", Tue, 23 Oct 2012 03:30:55 UTC +00:00], ["fancy_edges", nil], ["image", "large.png"], ["rolled_canvas", nil], ["updated_at", Tue, 23 Oct 2012 03:30:55 UTC +00:00]]
  [1m[36m (24.1ms)[0m  [1mcommit transaction[0m
Redirected to http://canvas-go.dev/orders/2/edit
Completed 302 Found in 643ms (ActiveRecord: 33.9ms)


Started GET "/orders/2/edit" for 127.0.0.1 at 2012-10-22 20:30:55 -0700
Processing by OrdersController#edit as HTML
  Parameters: {"id"=>"2"}
  [1m[35mOrder Load (0.4ms)[0m  SELECT "orders".* FROM "orders" WHERE "orders"."id" = ? LIMIT 1  [["id", "2"]]
  Rendered orders/edit.html.erb within layouts/application (14.8ms)
Completed 200 OK in 157ms (Views: 151.9ms | ActiveRecord: 0.4ms)


Started GET "/assets/jquery.js?body=1" for 127.0.0.1 at 2012-10-22 20:30:55 -0700


Started GET "/assets/active_admin.js?body=1" for 127.0.0.1 at 2012-10-22 20:30:55 -0700
Served asset /jquery.js - 304 Not Modified (0ms)
Served asset /active_admin.js - 304 Not Modified (1ms)


Started GET "/assets/active_admin/base.js?body=1" for 127.0.0.1 at 2012-10-22 20:30:55 -0700


Started GET "/assets/active_admin/application.js?body=1" for 127.0.0.1 at 2012-10-22 20:30:55 -0700
Served asset /active_admin/application.js - 304 Not Modified (17ms)
Served asset /active_admin/base.js - 304 Not Modified (32ms)


Started GET "/assets/jquery_ujs.js?body=1" for 127.0.0.1 at 2012-10-22 20:30:55 -0700


Started GET "/assets/jquery-ui.js?body=1" for 127.0.0.1 at 2012-10-22 20:30:55 -0700
Served asset /jquery_ujs.js - 304 Not Modified (12ms)
Served asset /jquery-ui.js - 304 Not Modified (11ms)


Started GET "/assets/main.min.js?body=1" for 127.0.0.1 at 2012-10-22 20:30:55 -0700


Started GET "/assets/plugins.js?body=1" for 127.0.0.1 at 2012-10-22 20:30:55 -0700
Served asset /main.min.js - 304 Not Modified (12ms)


Started GET "/assets/application.js?body=1" for 127.0.0.1 at 2012-10-22 20:30:55 -0700
Served asset /plugins.js - 304 Not Modified (3ms)
Served asset /application.js - 304 Not Modified (49ms)


Started GET "/assets/bg-main-light.png" for 127.0.0.1 at 2012-10-22 20:30:55 -0700


Started GET "/assets/thumb-effect.png" for 127.0.0.1 at 2012-10-22 20:30:55 -0700
Served asset /bg-main-light.png - 200 OK (12ms)
Served asset /thumb-effect.png - 200 OK (67ms)


Started GET "/orders/2/edit" for 127.0.0.1 at 2012-10-22 20:33:11 -0700
Processing by OrdersController#edit as HTML
  Parameters: {"id"=>"2"}
  [1m[36mOrder Load (0.2ms)[0m  [1mSELECT "orders".* FROM "orders" WHERE "orders"."id" = ? LIMIT 1[0m  [["id", "2"]]
  Rendered orders/edit.html.erb within layouts/application (3.5ms)
Completed 200 OK in 17ms (Views: 15.2ms | ActiveRecord: 0.2ms)


Started GET "/assets/application.css?body=1" for 127.0.0.1 at 2012-10-22 20:33:11 -0700


Started GET "/assets/jquery.js?body=1" for 127.0.0.1 at 2012-10-22 20:33:11 -0700
Served asset /application.css - 304 Not Modified (4ms)


Started GET "/assets/active_admin/application.js?body=1" for 127.0.0.1 at 2012-10-22 20:33:11 -0700
Served asset /active_admin/application.js - 304 Not Modified (0ms)


Started GET "/assets/jquery_ujs.js?body=1" for 127.0.0.1 at 2012-10-22 20:33:11 -0700
Served asset /jquery.js - 304 Not Modified (21ms)


Started GET "/assets/jquery-ui.js?body=1" for 127.0.0.1 at 2012-10-22 20:33:11 -0700
Served asset /jquery_ujs.js - 304 Not Modified (0ms)
Served asset /jquery-ui.js - 304 Not Modified (0ms)


Started GET "/assets/active_admin.js?body=1" for 127.0.0.1 at 2012-10-22 20:33:11 -0700


Started GET "/assets/active_admin/base.js?body=1" for 127.0.0.1 at 2012-10-22 20:33:11 -0700
Served asset /active_admin/base.js - 304 Not Modified (0ms)


Started GET "/assets/main.min.js?body=1" for 127.0.0.1 at 2012-10-22 20:33:11 -0700
Served asset /main.min.js - 304 Not Modified (0ms)


Started GET "/assets/plugins.js?body=1" for 127.0.0.1 at 2012-10-22 20:33:12 -0700
Served asset /plugins.js - 304 Not Modified (0ms)
Served asset /active_admin.js - 304 Not Modified (96ms)


Started GET "/assets/application.js?body=1" for 127.0.0.1 at 2012-10-22 20:33:12 -0700
Served asset /application.js - 304 Not Modified (1ms)


Started GET "/assets/bg.jpg" for 127.0.0.1 at 2012-10-22 20:33:12 -0700


Started GET "/assets/bg-main.png" for 127.0.0.1 at 2012-10-22 20:33:12 -0700
Served asset /bg.jpg - 304 Not Modified (0ms)
Served asset /bg-main.png - 304 Not Modified (2ms)


Started GET "/assets/logo.png" for 127.0.0.1 at 2012-10-22 20:33:12 -0700


Started GET "/assets/thumb-effect.png" for 127.0.0.1 at 2012-10-22 20:33:12 -0700
Served asset /logo.png - 304 Not Modified (2ms)
Served asset /thumb-effect.png - 304 Not Modified (0ms)


Started GET "/assets/bg-bar.png" for 127.0.0.1 at 2012-10-22 20:33:12 -0700


Started GET "/assets/sprite-features.png" for 127.0.0.1 at 2012-10-22 20:33:12 -0700
Served asset /bg-bar.png - 304 Not Modified (3ms)
Served asset /sprite-features.png - 304 Not Modified (3ms)


Started GET "/assets/bg-main-light.png" for 127.0.0.1 at 2012-10-22 20:33:12 -0700
Served asset /bg-main-light.png - 304 Not Modified (2ms)


Started GET "/assets/bg-footer.png" for 127.0.0.1 at 2012-10-22 20:33:12 -0700
Served asset /bg-footer.png - 304 Not Modified (0ms)


Started GET "/orders/2/edit" for 127.0.0.1 at 2012-10-22 20:33:37 -0700
Processing by OrdersController#edit as HTML
  Parameters: {"id"=>"2"}
  [1m[35mOrder Load (0.2ms)[0m  SELECT "orders".* FROM "orders" WHERE "orders"."id" = ? LIMIT 1  [["id", "2"]]
  Rendered orders/edit.html.erb within layouts/application (3.0ms)
Completed 200 OK in 17ms (Views: 15.0ms | ActiveRecord: 0.2ms)


Started GET "/assets/application.css?body=1" for 127.0.0.1 at 2012-10-22 20:33:37 -0700


Started GET "/assets/jquery-ui.js?body=1" for 127.0.0.1 at 2012-10-22 20:33:37 -0700
Served asset /application.css - 304 Not Modified (0ms)
Served asset /jquery-ui.js - 304 Not Modified (0ms)


Started GET "/assets/jquery_ujs.js?body=1" for 127.0.0.1 at 2012-10-22 20:33:37 -0700


Started GET "/assets/jquery.js?body=1" for 127.0.0.1 at 2012-10-22 20:33:37 -0700
Served asset /jquery.js - 304 Not Modified (0ms)
Served asset /jquery_ujs.js - 304 Not Modified (0ms)


Started GET "/assets/active_admin/base.js?body=1" for 127.0.0.1 at 2012-10-22 20:33:37 -0700
Served asset /active_admin/base.js - 304 Not Modified (0ms)


Started GET "/assets/active_admin/application.js?body=1" for 127.0.0.1 at 2012-10-22 20:33:37 -0700
Served asset /active_admin/application.js - 304 Not Modified (0ms)


Started GET "/assets/active_admin.js?body=1" for 127.0.0.1 at 2012-10-22 20:33:37 -0700
Served asset /active_admin.js - 304 Not Modified (1ms)


Started GET "/assets/application.js?body=1" for 127.0.0.1 at 2012-10-22 20:33:37 -0700


Started GET "/assets/plugins.js?body=1" for 127.0.0.1 at 2012-10-22 20:33:37 -0700
Served asset /plugins.js - 304 Not Modified (0ms)
Served asset /application.js - 304 Not Modified (1ms)


Started GET "/assets/main.min.js?body=1" for 127.0.0.1 at 2012-10-22 20:33:37 -0700
Served asset /main.min.js - 304 Not Modified (0ms)


Started GET "/assets/thumb-effect.png" for 127.0.0.1 at 2012-10-22 20:33:37 -0700


Started GET "/assets/bg.jpg" for 127.0.0.1 at 2012-10-22 20:33:37 -0700
Served asset /thumb-effect.png - 304 Not Modified (0ms)


Started GET "/assets/bg-main.png" for 127.0.0.1 at 2012-10-22 20:33:37 -0700
Served asset /bg-main.png - 304 Not Modified (0ms)
Served asset /bg.jpg - 304 Not Modified (0ms)


Started GET "/assets/bg-bar.png" for 127.0.0.1 at 2012-10-22 20:33:37 -0700


Started GET "/assets/logo.png" for 127.0.0.1 at 2012-10-22 20:33:37 -0700
Served asset /bg-bar.png - 304 Not Modified (0ms)
Served asset /logo.png - 304 Not Modified (0ms)


Started GET "/assets/sprite-features.png" for 127.0.0.1 at 2012-10-22 20:33:37 -0700
Served asset /sprite-features.png - 304 Not Modified (0ms)


Started GET "/assets/bg-main-light.png" for 127.0.0.1 at 2012-10-22 20:33:37 -0700


Started GET "/assets/bg-footer.png" for 127.0.0.1 at 2012-10-22 20:33:37 -0700
Served asset /bg-main-light.png - 304 Not Modified (0ms)
Served asset /bg-footer.png - 304 Not Modified (0ms)


Started GET "/orders/2/edit" for 127.0.0.1 at 2012-10-22 20:38:06 -0700
Processing by OrdersController#edit as HTML
  Parameters: {"id"=>"2"}
  [1m[36mOrder Load (37.6ms)[0m  [1mSELECT "orders".* FROM "orders" WHERE "orders"."id" = ? LIMIT 1[0m  [["id", "2"]]
  Rendered orders/edit.html.erb within layouts/application (60.8ms)
Completed 200 OK in 600ms (Views: 256.9ms | ActiveRecord: 37.6ms)


Started GET "/assets/application.css?body=1" for 127.0.0.1 at 2012-10-22 20:38:08 -0700
Served asset /application.css - 304 Not Modified (6ms)


Started GET "/assets/active_admin/application.js?body=1" for 127.0.0.1 at 2012-10-22 20:38:08 -0700
Served asset /active_admin/application.js - 304 Not Modified (0ms)


Started GET "/assets/active_admin/base.js?body=1" for 127.0.0.1 at 2012-10-22 20:38:08 -0700
Served asset /active_admin/base.js - 304 Not Modified (1ms)


Started GET "/assets/main.min.js?body=1" for 127.0.0.1 at 2012-10-22 20:38:08 -0700
Served asset /main.min.js - 304 Not Modified (0ms)


Started GET "/assets/jquery.js?body=1" for 127.0.0.1 at 2012-10-22 20:38:08 -0700


Started GET "/assets/application.js?body=1" for 127.0.0.1 at 2012-10-22 20:38:08 -0700
Served asset /application.js - 304 Not Modified (20ms)
Served asset /jquery.js - 304 Not Modified (31ms)


Started GET "/assets/jquery_ujs.js?body=1" for 127.0.0.1 at 2012-10-22 20:38:08 -0700
Served asset /jquery_ujs.js - 304 Not Modified (3ms)


Started GET "/assets/jquery-ui.js?body=1" for 127.0.0.1 at 2012-10-22 20:38:08 -0700
Served asset /jquery-ui.js - 304 Not Modified (2ms)


Started GET "/assets/active_admin.js?body=1" for 127.0.0.1 at 2012-10-22 20:38:09 -0700
Served asset /active_admin.js - 304 Not Modified (4ms)


Started GET "/assets/plugins.js?body=1" for 127.0.0.1 at 2012-10-22 20:38:09 -0700
Served asset /plugins.js - 304 Not Modified (1ms)


Started GET "/assets/bg.jpg" for 127.0.0.1 at 2012-10-22 20:38:09 -0700
Served asset /bg.jpg - 304 Not Modified (0ms)


Started GET "/assets/bg-bar.png" for 127.0.0.1 at 2012-10-22 20:38:10 -0700


Started GET "/assets/sprite-features.png" for 127.0.0.1 at 2012-10-22 20:38:10 -0700
Served asset /bg-bar.png - 304 Not Modified (0ms)
Served asset /sprite-features.png - 304 Not Modified (1ms)


Started GET "/assets/thumb-effect.png" for 127.0.0.1 at 2012-10-22 20:38:10 -0700


Started GET "/assets/bg-main.png" for 127.0.0.1 at 2012-10-22 20:38:10 -0700
Served asset /bg-main.png - 304 Not Modified (0ms)


Started GET "/assets/bg-main-light.png" for 127.0.0.1 at 2012-10-22 20:38:10 -0700
Served asset /thumb-effect.png - 304 Not Modified (22ms)


Started GET "/assets/logo.png" for 127.0.0.1 at 2012-10-22 20:38:10 -0700
Served asset /logo.png - 304 Not Modified (0ms)
Served asset /bg-main-light.png - 304 Not Modified (4ms)


Started GET "/assets/bg-footer.png" for 127.0.0.1 at 2012-10-22 20:38:10 -0700
Served asset /bg-footer.png - 304 Not Modified (3ms)
